<?xml version="1.0" encoding="UTF-8"?>
<!-- Generated by org.testng.reporters.JUnitXMLReporter -->
<testsuite ignored="0" hostname="sowjanya" failures="0" tests="2" name="tests" time="0.309" errors="0" timestamp="2022-11-12T12:01:29 PST">
  <testcase classname="com.training.tests.LoginTest" name="@BeforeMethod beforeMethod" time="0.005">
    <failure type="java.io.FileNotFoundException" message="USER_DIR + FILE_SEPERATOR + APPLICATION_PROPERTIES (The system cannot find the file specified)">
      <![CDATA[java.io.FileNotFoundException: USER_DIR + FILE_SEPERATOR + APPLICATION_PROPERTIES (The system cannot find the file specified)
at java.base/java.io.FileInputStream.open0(Native Method)
at java.base/java.io.FileInputStream.open(FileInputStream.java:216)
at java.base/java.io.FileInputStream.<init>(FileInputStream.java:157)
at java.base/java.io.FileInputStream.<init>(FileInputStream.java:111)
at com.training.utilities.CommonUtilities.getProperty(CommonUtilities.java:20)
at com.training.tests.LoginTest.beforeMethod(LoginTest.java:34)
at java.base/java.util.ArrayList.forEach(ArrayList.java:1511)
... Removed 31 stack frames]]>
    </failure>
  </testcase> <!-- @BeforeMethod beforeMethod -->
  <testcase classname="com.training.tests.LoginTest" name="@AfterMethod teardown" time="-1.668283289666E9">
    <skipped/>
  </testcase> <!-- @AfterMethod teardown -->
  <testcase classname="com.training.tests.LoginTest" name="@BeforeMethod beforeMethod" time="-1.66828328967E9">
    <skipped/>
  </testcase> <!-- @BeforeMethod beforeMethod -->
  <testcase classname="com.training.tests.LoginTest" name="@AfterMethod teardown" time="-1.668283289678E9">
    <skipped/>
  </testcase> <!-- @AfterMethod teardown -->
  <testcase classname="com.training.tests.LoginTest" name="loginAndEnterFirstName" time="0.0">
    <skipped/>
  </testcase> <!-- loginAndEnterFirstName -->
  <testcase classname="com.training.tests.LoginTest" name="loginInValidUsernamePassword" time="0.0">
    <skipped/>
  </testcase> <!-- loginInValidUsernamePassword -->
</testsuite> <!-- tests -->
